<span class="stinp">. bsqreg wage age education married i.county, reps(50)</span>
(fitting base model)

Bootstrap replications (<span class="stres">50</span>)
----+--- 1 ---+--- 2 ---+--- 3 ---+--- 4 ---+--- 5 
..................................................    50

Median regression, bootstrap(<span class="stres">50</span>) SEs                Number of obs = <span class="stres">     1,343</span>
  Raw sum of deviations<span class="stres"> 3394.897</span> (about <span class="stres">23.511223</span>)
  Min sum of deviations<span class="stres"> 2878.138                    </span>Pseudo R2     = <span class="stres">    0.1522</span>

------------------------------------------------------------------------------
        wage |      Coef.   Std. Err.      t    P&gt;|t|     [95% Conf. Interval]
-------------+----------------------------------------------------------------
         age |<span class="stres">   .1910125   .0287462     6.64   0.000     .1346197    .2474054</span>
   education |<span class="stres">   .9196805   .0770224    11.94   0.000     .7685818    1.070779</span>
     married |<span class="stres">    -.23724   .6064891    -0.39   0.696     -1.42702    .9525395</span>
             |
      county |
          1  |<span class="stres">  -2.047806   1.572708    -1.30   0.193    -5.133064    1.037452</span>
          2  |<span class="stres">   -2.53552   1.304409    -1.94   0.052    -5.094444    .0234036</span>
          3  |<span class="stres">  -2.915096   1.352302    -2.16   0.031    -5.567973   -.2622187</span>
          4  |<span class="stres">  -3.315867   1.406572    -2.36   0.019    -6.075208   -.5565261</span>
          5  |<span class="stres">  -1.505194   1.539992    -0.98   0.329    -4.526271    1.515884</span>
          6  |<span class="stres">  -2.539745   1.632024    -1.56   0.120    -5.741366    .6618768</span>
          7  |<span class="stres">  -2.373452   1.396117    -1.70   0.089    -5.112283     .365379</span>
          8  |<span class="stres">  -3.471071   1.467409    -2.37   0.018     -6.34976   -.5923819</span>
          9  |<span class="stres">  -2.857953   1.642356    -1.74   0.082    -6.079844    .3639389</span>
             |
       _cons |<span class="stres">   6.752149   1.654891     4.08   0.000     3.505669     9.99863</span>
------------------------------------------------------------------------------

<span class="stinp">. qregplot age education , estore(e_bsqreg) q(5(5)95) seed(101) label raopt( color
&gt; (%30)) grcopt( col(1) ysize(7) xsize(5) name(bsqreg1, replace))</span>

<span class="stinp">. graph export qfig6.png, replace</span>
(file qfig6.png written in PNG format)
