<span class="stinp">. rifhdreg wage age education married i.county, rif(q(10))</span>

      Source |       SS           df       MS      Number of obs   =<span class="stres">     1,343</span>
-------------+----------------------------------   F(12, 1330)     = <span class="stres">     8.39</span>
       Model | <span class="stres">  8892.4386        12   741.03655   </span>Prob &gt; F        =<span class="stres">    0.0000</span>
    Residual | <span class="stres"> 117516.433     1,330  88.3582203   </span>R-squared       =<span class="stres">    0.0703</span>
-------------+----------------------------------   Adj R-squared   =<span class="stres">    0.0620</span>
       Total | <span class="stres"> 126408.872     1,342  94.1943901   </span>Root MSE        =   <span class="stres"> 9.3999</span>

------------------------------------------------------------------------------
        wage |      Coef.   Std. Err.      t    P&gt;|t|     [95% Conf. Interval]
-------------+----------------------------------------------------------------
         age |<span class="stres">   .1462815   .0369892     3.95   0.000     .0737179    .2188451</span>
   education |<span class="stres">   .7157397   .0925625     7.73   0.000     .5341552    .8973242</span>
     married |<span class="stres">  -.0384236   .7171313    -0.05   0.957    -1.445255    1.368408</span>
             |
      county |
          1  |<span class="stres">    -2.8278    1.35939    -2.08   0.038    -5.494583   -.1610163</span>
          2  |<span class="stres">  -3.662329   1.362539    -2.69   0.007    -6.335288   -.9893699</span>
          3  |<span class="stres">  -2.425599   1.381663    -1.76   0.079    -5.136076    .2848783</span>
          4  |<span class="stres">  -4.021551   1.385236    -2.90   0.004    -6.739037   -1.304064</span>
          5  |<span class="stres">   -1.91362   1.399333    -1.37   0.172    -4.658761    .8315209</span>
          6  |<span class="stres">  -2.645693   1.438301    -1.84   0.066    -5.467278    .1758925</span>
          7  |<span class="stres">  -2.226753   1.461111    -1.52   0.128    -5.093086     .639581</span>
          8  |<span class="stres">  -4.237178   1.503081    -2.82   0.005    -7.185846    -1.28851</span>
          9  |<span class="stres">  -3.910545   1.515971    -2.58   0.010    -6.884499   -.9365905</span>
             |
       _cons |<span class="stres">   3.487083   1.816092     1.92   0.055    -.0756348    7.049801</span>
------------------------------------------------------------------------------
Distributional Statistic: q(10)
Sample Mean    RIF q(10) : <span class="stres"> 15.706</span>

<span class="stinp">. qregplot age education , estore(e_rifhdreg) q(5(5)95)  label raopt( color(%30)) grcopt( col(1) ysize(7) xsize(5) name(rif1, replace))</span>

<span class="stinp">. graph export qfig10.png, replace</span>
(note: file qfig10.png not found)
(file qfig10.png written in PNG format)
