<span class="stinp">. qui: {</span>

<span class="stinp">. gsem (l1 -&gt; cq25a, family(ordinal) link(probit)) <span class="stcmt">///</span>
&gt;          (l1 -&gt; cq25b, family(ordinal) link(probit)) <span class="stcmt">///</span>
&gt;          (l1 -&gt; cq26a, family(ordinal) link(probit)) <span class="stcmt">///</span>
&gt;          (l1 -&gt; cq26b, family(ordinal) link(probit)) <span class="stcmt">///</span>
&gt;          (l1 -&gt; cq26c, family(ordinal) link(probit)) <span class="stcmt">///</span>
&gt;          (l1 -&gt; cq26d, family(ordinal) link(probit)) <span class="stcmt">///</span>
&gt;          (l1 -&gt; cq26e, family(ordinal) link(probit)) <span class="stcmt">///</span>
&gt;          (l1 -&gt; cq29a, family(ordinal) link(probit)) <span class="stcmt">///</span>
&gt;          (l1 -&gt; cq29b, family(ordinal) link(probit)) <span class="stcmt">///</span>
&gt;          (l1 -&gt; cq29c, family(ordinal) link(probit)) <span class="stcmt">///</span>
&gt;          (l1 -&gt; cq27, family(binomial) link(probit)) [iw=withinwt], latent(l1 )  var(l1@1)</span>

Fitting fixed-effects model:

Iteration 0:   log likelihood = <span class="stres">-18537.049</span>  
Iteration 1:   log likelihood = <span class="stres">-17919.756</span>  
Iteration 2:   log likelihood = <span class="stres">-17783.056</span>  
Iteration 3:   log likelihood = <span class="stres">-17782.637</span>  
Iteration 4:   log likelihood = <span class="stres">-17782.637</span>  

Refining starting values:

Grid node 0:   log likelihood = <span class="stres">-17318.329</span>

Fitting full model:

Iteration 0:   log likelihood = <span class="stres">-17318.329</span>  
Iteration 1:   log likelihood = <span class="stres">-17258.297</span>  
Iteration 2:   log likelihood = <span class="stres">-16931.659</span>  
Iteration 3:   log likelihood = <span class="stres">-16870.827</span>  
Iteration 4:   log likelihood = <span class="stres">-16869.668</span>  
Iteration 5:   log likelihood = <span class="stres">-16869.666</span>  
Iteration 6:   log likelihood = <span class="stres">-16869.666</span>  

Generalized structural equation model           Number of obs     = <span class="stres">     2,386</span>

Response       : <span class="stres">cq25a</span>                          Number of obs     = <span class="stres">     2,229</span>
Family         : <span class="stres">ordinal</span>
Link           : <span class="stres">probit</span>

Response       : <span class="stres">cq25b</span>                          Number of obs     = <span class="stres">     2,208</span>
Family         : <span class="stres">ordinal</span>
Link           : <span class="stres">probit</span>

Response       : <span class="stres">cq26a</span>                          Number of obs     = <span class="stres">     2,339</span>
Family         : <span class="stres">ordinal</span>
Link           : <span class="stres">probit</span>

Response       : <span class="stres">cq26b</span>                          Number of obs     = <span class="stres">     2,309</span>
Family         : <span class="stres">ordinal</span>
Link           : <span class="stres">probit</span>

Response       : <span class="stres">cq26c</span>                          Number of obs     = <span class="stres">     2,262</span>
Family         : <span class="stres">ordinal</span>
Link           : <span class="stres">probit</span>

Response       : <span class="stres">cq26d</span>                          Number of obs     = <span class="stres">     2,217</span>
Family         : <span class="stres">ordinal</span>
Link           : <span class="stres">probit</span>

Response       : <span class="stres">cq26e</span>                          Number of obs     = <span class="stres">     2,210</span>
Family         : <span class="stres">ordinal</span>
Link           : <span class="stres">probit</span>

Response       : <span class="stres">cq29a</span>                          Number of obs     = <span class="stres">     2,248</span>
Family         : <span class="stres">ordinal</span>
Link           : <span class="stres">probit</span>

Response       : <span class="stres">cq29b</span>                          Number of obs     = <span class="stres">     2,225</span>
Family         : <span class="stres">ordinal</span>
Link           : <span class="stres">probit</span>

Response       : <span class="stres">cq29c</span>                          Number of obs     = <span class="stres">     2,232</span>
Family         : <span class="stres">ordinal</span>
Link           : <span class="stres">probit</span>

Response       : <span class="stres">cq27</span>                           Number of obs     = <span class="stres">     2,386</span>
Family         : <span class="stres">Bernoulli</span>
Link           : <span class="stres">probit</span>

Log likelihood = <span class="stres">-16869.666</span>

<span class="stres"> </span>( 1)<span class="stres">  [/]var(l1) = 1</span>
------------------------------------------------------------------------------
             |      Coef.   Std. Err.      z    P&gt;|z|     [95% Conf. Interval]
-------------+----------------------------------------------------------------
<span class="stres">cq25a        </span>|
          l1 |<span class="stres">   .3752123   .0334121    11.23   0.000     .3097258    .4406988</span>
-------------+----------------------------------------------------------------
<span class="stres">cq25b        </span>|
          l1 |<span class="stres">   .4374258   .0397292    11.01   0.000     .3595579    .5152937</span>
-------------+----------------------------------------------------------------
<span class="stres">cq26a        </span>|
          l1 |<span class="stres">   1.327166   .0838145    15.83   0.000     1.162893     1.49144</span>
-------------+----------------------------------------------------------------
<span class="stres">cq26b        </span>|
          l1 |<span class="stres">   .9928878   .0498441    19.92   0.000      .895195     1.09058</span>
-------------+----------------------------------------------------------------
<span class="stres">cq26c        </span>|
          l1 |<span class="stres">  -.0199611   .0489199    -0.41   0.683    -.1158425    .0759202</span>
-------------+----------------------------------------------------------------
<span class="stres">cq26d        </span>|
          l1 |<span class="stres">    .214534   .0337024     6.37   0.000     .1484784    .2805895</span>
-------------+----------------------------------------------------------------
<span class="stres">cq26e        </span>|
          l1 |<span class="stres">    .149649   .0663804     2.25   0.024     .0195458    .2797521</span>
-------------+----------------------------------------------------------------
<span class="stres">cq29a        </span>|
          l1 |<span class="stres">   .7250868   .0508942    14.25   0.000      .625336    .8248377</span>
-------------+----------------------------------------------------------------
<span class="stres">cq29b        </span>|
          l1 |<span class="stres">   .6312126   .0810821     7.78   0.000     .4722947    .7901305</span>
-------------+----------------------------------------------------------------
<span class="stres">cq29c        </span>|
          l1 |<span class="stres">   .6909988    .089182     7.75   0.000     .5162053    .8657923</span>
-------------+----------------------------------------------------------------
<span class="stres">cq27         </span>|
          l1 |<span class="stres">   .5881777   .0444292    13.24   0.000     .5010981    .6752574</span>
       _cons |<span class="stres">   .8401157   .0354326    23.71   0.000     .7706692    .9095623</span>
-------------+----------------------------------------------------------------
<span class="stres">/cq25a       </span>|
        cut1 |<span class="stres">    .324314   .0287546                       .267956    .3806719</span>
        cut2 |<span class="stres">   .8092167   .0318776                      .7467377    .8716957</span>
        cut3 |<span class="stres">   2.013896   .0579296                      1.900356    2.127436</span>
-------------+----------------------------------------------------------------
<span class="stres">/cq25b       </span>|
        cut1 |<span class="stres">   .8305408   .0338399                      .7642159    .8968657</span>
        cut2 |<span class="stres">   1.205395   .0387909                      1.129366    1.281423</span>
        cut3 |<span class="stres">   2.378192     .07702                      2.227235    2.529148</span>
-------------+----------------------------------------------------------------
<span class="stres">/cq26a       </span>|
        cut1 |<span class="stres">  -2.136665   .0956982                      -2.32423     -1.9491</span>
        cut2 |<span class="stres">   -1.12109   .0613675                     -1.241368   -1.000811</span>
        cut3 |<span class="stres">  -.2126965   .0433926                     -.2977445   -.1276484</span>
        cut4 |<span class="stres">   1.196748   .0623471                       1.07455    1.318946</span>
-------------+----------------------------------------------------------------
<span class="stres">/cq26b       </span>|
        cut1 |<span class="stres">  -1.215643    .046976                     -1.307714   -1.123572</span>
        cut2 |<span class="stres">  -.5774812   .0392174                     -.6543459   -.5006166</span>
        cut3 |<span class="stres">   .1558497   .0364996                      .0843119    .2273876</span>
        cut4 |<span class="stres">   1.407743   .0518881                      1.306044    1.509441</span>
-------------+----------------------------------------------------------------
<span class="stres">/cq26c       </span>|
        cut1 |<span class="stres">    1.58201   .0424928                      1.498726    1.665294</span>
        cut2 |<span class="stres">   1.865377   .0518861                      1.763682    1.967072</span>
        cut3 |<span class="stres">   2.087994   .0623993                      1.965694    2.210294</span>
        cut4 |<span class="stres">    2.34969   .0800448                      2.192805    2.506575</span>
-------------+----------------------------------------------------------------
<span class="stres">/cq26d       </span>|
        cut1 |<span class="stres">   .6572646    .029484                       .599477    .7150522</span>
        cut2 |<span class="stres">   1.144215    .034788                      1.076032    1.212399</span>
        cut3 |<span class="stres">   1.767418   .0492123                      1.670964    1.863872</span>
        cut4 |<span class="stres">   2.376186   .0811494                      2.217136    2.535236</span>
-------------+----------------------------------------------------------------
<span class="stres">/cq26e       </span>|
        cut1 |<span class="stres">   1.990471   .0599883                      1.872896    2.108046</span>
        cut2 |<span class="stres">   2.373045    .084138                      2.208138    2.537953</span>
        cut3 |<span class="stres">   2.771124   .1293083                      2.517685    3.024564</span>
        cut4 |<span class="stres">    2.95569   .1614944                      2.639166    3.272213</span>
-------------+----------------------------------------------------------------
<span class="stres">/cq29a       </span>|
        cut1 |<span class="stres">   .3546805   .0338826                      .2882717    .4210893</span>
-------------+----------------------------------------------------------------
<span class="stres">/cq29b       </span>|
        cut1 |<span class="stres">   1.925678    .082579                      1.763826     2.08753</span>
-------------+----------------------------------------------------------------
<span class="stres">/cq29c       </span>|
        cut1 |<span class="stres">    2.01047   .0938666                      1.826495    2.194445</span>
-------------+----------------------------------------------------------------
      var(l1)|<span class="stres">          1</span>  (constrained)
------------------------------------------------------------------------------

<span class="stinp">. qui : {</span>

<span class="stinp">. </span>
<span class="stinp">. kdensity2c sindex1 riagency,   scheme(s1mono) level(10) zlabel(#5) ylabel(-1.32 -1/2 2.40)</span>

<span class="stinp">. addplot: scatter sindex1 riagency, msize(tiny) mcolor(navy%10) legend(off)</span>

<span class="stinp">. graph export jpg7.png</span>
(file jpg7.png written in PNG format)
