<span class="stinp">. clear all</span>

<span class="stinp">. use "G:\Shared drives\levy_distribution\data\Ethiopia\Afrobarometer\abs_ethiopia2013.dta", clear</span>

<span class="stinp">. <span class="stcmt">** Data processing</span></span>
<span class="stinp">. encode region, gen(rcode)</span>

<span class="stinp">. label define rcode  1 "Tigray" 2 "Afar" 3 "Amhara" <span class="stcmt">///</span>
&gt;                                         4 "Oromia" 5 "Somali" 6 "Benshangul-Gumz" <span class="stcmt">///</span>
&gt;                                         7 "Sounthern Nations" 8 "Gambella" 9 "Harari" <span class="stcmt">///</span>
&gt;                                         10 "Addis Ababa" 11 "Dire Dawa" , modify</span>

<span class="stinp">. label values rcode rcode                                        </span>

<span class="stinp">. </span>
<span class="stinp">. <span class="stcmt">** setting as missing: Do not know, missing and refused. Donot know could be Agree with Neither?</span></span>
<span class="stinp">. foreach i in q22 q23 q24 {</span>
  2<span class="stinp">.         clonevar c`i'=`i'</span>
  3<span class="stinp">.         replace c`i'=. if c`i'==-1 | c`i'==9</span>
  4<span class="stinp">.         replace c`i'=c`i'+1 if c`i'&gt;=3</span>
  5<span class="stinp">.         replace c`i'=3 if c`i'==6</span>
  6<span class="stinp">. }</span>
(97 real changes made, 97 to missing)
(1,716 real changes made)
(4 real changes made)
(73 real changes made, 73 to missing)
(284 real changes made)
(7 real changes made)
(120 real changes made, 120 to missing)
(1,791 real changes made)
(235 real changes made)

<span class="stinp">. label define new2224   1 "Agree very strongly with 1" <span class="stcmt">///</span>
&gt;                                            2 "Agree with 1" <span class="stcmt">///</span>
&gt;                                            3 "Agree with neither" <span class="stcmt">///</span>
&gt;                                            4 "Agree with 2" <span class="stcmt">///</span>
&gt;                                            5 "Agree very strongly with 2"</span>

<span class="stinp">.                                            </span>
<span class="stinp">. label values cq22 cq23 cq24  new2224 </span>
