<span class="stinp">. tabstat rsindex1 rifact ripca rimca , by(rcode)</span>

Summary statistics: mean
  by categories of: rcode (Province or region)

           rcode |  rsindex1    rifact     ripca     rimca
-----------------+----------------------------------------
          Tigray | <span class="stres">        2         2         2         8</span>
            Afar | <span class="stres">       11        10        11        11</span>
          Amhara | <span class="stres">        9         9         9         4</span>
          Oromia | <span class="stres">        7         8         8         7</span>
          Somali | <span class="stres">        6         5         5         9</span>
 Benshangul-Gumz | <span class="stres">        3         4         3         2</span>
Sounthern Nation | <span class="stres">        8         6         6         5</span>
        Gambella | <span class="stres">       10        11        10        10</span>
          Harari | <span class="stres">        5         7         7         3</span>
     Addis Ababa | <span class="stres">        1         1         1         1</span>
       Dire Dawa | <span class="stres">        4         3         4         6</span>
-----------------+----------------------------------------
           Total | <span class="stres"> 6.921207   6.76907   6.76865  5.689019</span>
----------------------------------------------------------

<span class="stinp">.  </span>
<span class="stinp">.   </span>
<span class="stinp">. <span class="stcmt">*******************************************************</span></span>
