
assert `"`e(control_group)'"' == `"Never Treated"'
assert `"`e(method)'"'        == `"dripw"'
assert `"`e(id)'"'            == `"ivar"'
assert `"`e(ggroup)'"'        == `"first_treat"'
assert `"`e(time0)'"'         == `"2003"'
assert `"`e(tlev)'"'          == `"2004 2005 2006 2007"'
assert `"`e(glev)'"'          == `"2004 2006 2007"'
assert `"`e(agg)'"'           == `"attgt"'
assert `"`e(estat_cmd)'"'     == `"csdid_estat"'
assert `"`e(cmd)'"'           == `"csdid"'
assert `"`e(properties)'"'    == `"b V"'

assert         e(neqr) == 3

qui {
mat T_b = J(1,24,0)
mat T_b[1,1] = -.0145296683049001
mat T_b[1,2] = -.0764218817347889
mat T_b[1,3] = -.1404483368101237
mat T_b[1,4] = -.1069038981114609
mat T_b[1,5] = -.0004721460884857
mat T_b[1,6] = -.0062025245797962
mat T_b[1,7] =  .0009605737466988
mat T_b[1,8] = -.0412938655881805
mat T_b[1,9] =  .0267277962037061
mat T_b[1,10] = -.0045765707635231
mat T_b[1,11] = -.0284474871975593
mat T_b[1,12] = -.0287813610394872
mat T_b[1,13] =  .0261780104712042
mat T_b[1,14] =  .0261780104712042
mat T_b[1,15] =  .0261780104712042
mat T_b[1,16] =  .0261780104712042
mat T_b[1,17] =  .0523560209424084
mat T_b[1,18] =  .0523560209424084
mat T_b[1,19] =  .0523560209424084
mat T_b[1,20] =  .0523560209424084
mat T_b[1,21] =  .1714659685863874
mat T_b[1,22] =  .1714659685863874
mat T_b[1,23] =  .1714659685863874
mat T_b[1,24] =  .1714659685863874
}
matrix C_b = e(b)
assert mreldif( C_b , T_b ) < 1E-8

mat drop C_b T_b

qui {
mat T_V = J(24,24,0)
mat T_V[1,1] =  .0004898129647356
mat T_V[1,2] =  .0003205828616603
mat T_V[1,3] =  .0003768012069929
mat T_V[1,4] =  .0001256527779848
mat T_V[1,5] =  .0000557556669937
mat T_V[1,6] = -9.66875193370e-06
mat T_V[1,7] =  .0000138970256505
mat T_V[1,8] =   .000010570735739
mat T_V[1,9] =  .0000651854506484
mat T_V[1,10] = -.0000165224137149
mat T_V[1,11] =  .0000109273159762
mat T_V[1,12] = -1.06607864572e-06
mat T_V[1,13] =  4.24191813365e-09
mat T_V[1,14] =  4.24191813365e-09
mat T_V[1,15] =  4.24191813365e-09
mat T_V[1,16] =  4.24191813365e-09
mat T_V[1,17] =  1.64219332577e-21
mat T_V[1,18] =  1.64219332577e-21
mat T_V[1,19] =  1.64219332577e-21
mat T_V[1,20] =  1.64219332577e-21
mat T_V[1,21] =  5.73506520052e-21
mat T_V[1,22] =  5.73506520052e-21
mat T_V[1,23] =  5.73506520052e-21
mat T_V[1,24] =  5.73506520052e-21
mat T_V[2,1] =  .0003205828616603
mat T_V[2,2] =  .0008221123761887
mat T_V[2,3] =  .0008003537129662
mat T_V[2,4] =  .0006219688347529
mat T_V[2,5] =  .0000419059182383
mat T_V[2,6] =  .0000337778064277
mat T_V[2,7] =  4.60100156236e-06
mat T_V[2,8] = -9.08266540585e-07
mat T_V[2,9] =  .0000468697907019
mat T_V[2,10] =  .0000352617057185
mat T_V[2,11] = -1.07577562209e-06
mat T_V[2,12] = -3.89307280353e-06
mat T_V[2,13] =  6.31845442068e-09
mat T_V[2,14] =  6.31845442068e-09
mat T_V[2,15] =  6.31845442068e-09
mat T_V[2,16] =  6.31845442068e-09
mat T_V[2,17] = -8.61324900292e-22
mat T_V[2,18] = -8.61324900292e-22
mat T_V[2,19] = -8.61324900292e-22
mat T_V[2,20] = -8.61324900292e-22
mat T_V[2,21] = -2.08499884025e-21
mat T_V[2,22] = -2.08499884025e-21
mat T_V[2,23] = -2.08499884025e-21
mat T_V[2,24] = -2.08499884025e-21
mat T_V[3,1] =  .0003768012069929
mat T_V[3,2] =  .0008003537129662
mat T_V[3,3] =   .001251525601078
mat T_V[3,4] =  .0007597371046894
mat T_V[3,5] =  .0000516561195405
mat T_V[3,6] =   .000022470048767
mat T_V[3,7] =  .0001564488765599
mat T_V[3,8] =  .0000989589231012
mat T_V[3,9] =  .0000560417874112
mat T_V[3,10] =  .0000223876574041
mat T_V[3,11] =  .0001395226845168
mat T_V[3,12] = -.0000508809121121
mat T_V[3,13] =  6.90210909525e-09
mat T_V[3,14] =  6.90210909525e-09
mat T_V[3,15] =  6.90210909525e-09
mat T_V[3,16] =  6.90210909525e-09
mat T_V[3,17] = -2.29946795316e-20
mat T_V[3,18] = -2.29946795316e-20
mat T_V[3,19] = -2.29946795316e-20
mat T_V[3,20] = -2.29946795316e-20
mat T_V[3,21] = -7.52632758327e-20
mat T_V[3,22] = -7.52632758327e-20
mat T_V[3,23] = -7.52632758327e-20
mat T_V[3,24] = -7.52632758327e-20
mat T_V[4,1] =  .0001256527779848
mat T_V[4,2] =  .0006219688347529
mat T_V[4,3] =  .0007597371046894
mat T_V[4,4] =  .0010814758600333
mat T_V[4,5] =  .0000487461247756
mat T_V[4,6] =  .0000210495873271
mat T_V[4,7] =  .0001050604126914
mat T_V[4,8] =  .0001121774084429
mat T_V[4,9] =  .0000541567141865
mat T_V[4,10] =  .0000200847053588
mat T_V[4,11] =   .000094637263512
mat T_V[4,12] =  .0000177780440172
mat T_V[4,13] =  7.00680665734e-09
mat T_V[4,14] =  7.00680665734e-09
mat T_V[4,15] =  7.00680665734e-09
mat T_V[4,16] =  7.00680665734e-09
mat T_V[4,17] =  1.47391838454e-20
mat T_V[4,18] =  1.47391838454e-20
mat T_V[4,19] =  1.47391838454e-20
mat T_V[4,20] =  1.47391838454e-20
mat T_V[4,21] =  4.86437101332e-20
mat T_V[4,22] =  4.86437101332e-20
mat T_V[4,23] =  4.86437101332e-20
mat T_V[4,24] =  4.86437101332e-20
mat T_V[5,1] =  .0000557556669937
mat T_V[5,2] =  .0000419059182383
mat T_V[5,3] =  .0000516561195405
mat T_V[5,4] =  .0000487461247756
mat T_V[5,5] =  .0004966100881942
mat T_V[5,6] =  .0000442363000656
mat T_V[5,7] =  4.69990565690e-06
mat T_V[5,8] = -.0000219332958644
mat T_V[5,9] =  .0000570999509147
mat T_V[5,10] = -.0000125014188141
mat T_V[5,11] =  .0000108469021507
mat T_V[5,12] = -1.77190420353e-06
mat T_V[5,13] = -2.79933780490e-22
mat T_V[5,14] = -2.79933780490e-22
mat T_V[5,15] = -2.79933780490e-22
mat T_V[5,16] = -2.79933780490e-22
mat T_V[5,17] =  1.67681266070e-07
mat T_V[5,18] =  1.67681266070e-07
mat T_V[5,19] =  1.67681266070e-07
mat T_V[5,20] =  1.67681266070e-07
mat T_V[5,21] = -1.89914488113e-21
mat T_V[5,22] = -1.89914488113e-21
mat T_V[5,23] = -1.89914488113e-21
mat T_V[5,24] = -1.89914488113e-21
mat T_V[6,1] = -9.66875193370e-06
mat T_V[6,2] =  .0000337778064277
mat T_V[6,3] =   .000022470048767
mat T_V[6,4] =  .0000210495873271
mat T_V[6,5] =  .0000442363000656
mat T_V[6,6] =  .0003415294671158
mat T_V[6,7] = -.0000713859562159
mat T_V[6,8] = -.0000331407651434
mat T_V[6,9] = -9.40838452720e-06
mat T_V[6,10] =  .0000440135137245
mat T_V[6,11] = -.0000107792676504
mat T_V[6,12] = -9.78091202017e-07
mat T_V[6,13] = -2.18916730475e-21
mat T_V[6,14] = -2.18916730475e-21
mat T_V[6,15] = -2.18916730475e-21
mat T_V[6,16] = -2.18916730475e-21
mat T_V[6,17] =  7.75940119948e-08
mat T_V[6,18] =  7.75940119948e-08
mat T_V[6,19] =  7.75940119948e-08
mat T_V[6,20] =  7.75940119948e-08
mat T_V[6,21] = -1.41237679638e-20
mat T_V[6,22] = -1.41237679638e-20
mat T_V[6,23] = -1.41237679638e-20
mat T_V[6,24] = -1.41237679638e-20
mat T_V[7,1] =  .0000138970256505
mat T_V[7,2] =  4.60100156236e-06
mat T_V[7,3] =  .0001564488765599
mat T_V[7,4] =  .0001050604126914
mat T_V[7,5] =  4.69990565690e-06
mat T_V[7,6] = -.0000713859562159
mat T_V[7,7] =    .00037259132027
mat T_V[7,8] =  .0002248911889603
mat T_V[7,9] =  .0000136228122478
mat T_V[7,10] = -9.73866455798e-06
mat T_V[7,11] =  .0001501858922862
mat T_V[7,12] = -.0000527837858942
mat T_V[7,13] = -2.01157426231e-21
mat T_V[7,14] = -2.01157426231e-21
mat T_V[7,15] = -2.01157426231e-21
mat T_V[7,16] = -2.01157426231e-21
mat T_V[7,17] =  1.56552522560e-08
mat T_V[7,18] =  1.56552522560e-08
mat T_V[7,19] =  1.56552522560e-08
mat T_V[7,20] =  1.56552522560e-08
mat T_V[7,21] = -1.37680911156e-20
mat T_V[7,22] = -1.37680911156e-20
mat T_V[7,23] = -1.37680911156e-20
mat T_V[7,24] = -1.37680911156e-20
mat T_V[8,1] =   .000010570735739
mat T_V[8,2] = -9.08266540585e-07
mat T_V[8,3] =  .0000989589231012
mat T_V[8,4] =  .0001121774084429
mat T_V[8,5] = -.0000219332958644
mat T_V[8,6] = -.0000331407651434
mat T_V[8,7] =  .0002248911889603
mat T_V[8,8] =   .000387022088091
mat T_V[8,9] =  .0000106843304449
mat T_V[8,10] = -.0000114974914341
mat T_V[8,11] =  .0000991456596407
mat T_V[8,12] =  .0000129279394687
mat T_V[8,13] =  4.91308382866e-22
mat T_V[8,14] =  4.91308382866e-22
mat T_V[8,15] =  4.91308382866e-22
mat T_V[8,16] =  4.91308382866e-22
mat T_V[8,17] =  2.19668843614e-08
mat T_V[8,18] =  2.19668843614e-08
mat T_V[8,19] =  2.19668843614e-08
mat T_V[8,20] =  2.19668843614e-08
mat T_V[8,21] =  2.65412691824e-21
mat T_V[8,22] =  2.65412691824e-21
mat T_V[8,23] =  2.65412691824e-21
mat T_V[8,24] =  2.65412691824e-21
mat T_V[9,1] =  .0000651854506484
mat T_V[9,2] =  .0000468697907019
mat T_V[9,3] =  .0000560417874112
mat T_V[9,4] =  .0000541567141865
mat T_V[9,5] =  .0000570999509147
mat T_V[9,6] = -9.40838452720e-06
mat T_V[9,7] =  .0000136228122478
mat T_V[9,8] =  .0000106843304449
mat T_V[9,9] =  .0001991180251482
mat T_V[9,10] = -.0000434446552279
mat T_V[9,11] =  .0000223899437746
mat T_V[9,12] =  .0000112835042163
mat T_V[9,13] =  3.57615074660e-21
mat T_V[9,14] =  3.57615074660e-21
mat T_V[9,15] =  3.57615074660e-21
mat T_V[9,16] =  3.57615074660e-21
mat T_V[9,17] =  7.15230149321e-21
mat T_V[9,18] =  7.15230149321e-21
mat T_V[9,19] =  7.15230149321e-21
mat T_V[9,20] =  7.15230149321e-21
mat T_V[9,21] =  2.48299669187e-08
mat T_V[9,22] =  2.48299669187e-08
mat T_V[9,23] =  2.48299669187e-08
mat T_V[9,24] =  2.48299669187e-08
mat T_V[10,1] = -.0000165224137149
mat T_V[10,2] =  .0000352617057185
mat T_V[10,3] =  .0000223876574041
mat T_V[10,4] =  .0000200847053588
mat T_V[10,5] = -.0000125014188141
mat T_V[10,6] =  .0000440135137245
mat T_V[10,7] = -9.73866455798e-06
mat T_V[10,8] = -.0000114974914341
mat T_V[10,9] = -.0000434446552279
mat T_V[10,10] =  .0002459293352407
mat T_V[10,11] = -.0000638450424378
mat T_V[10,12] = -2.89699734239e-06
mat T_V[10,13] = -8.38899921025e-22
mat T_V[10,14] = -8.38899921025e-22
mat T_V[10,15] = -8.38899921025e-22
mat T_V[10,16] = -8.38899921025e-22
mat T_V[10,17] = -1.60674556847e-21
mat T_V[10,18] = -1.60674556847e-21
mat T_V[10,19] = -1.60674556847e-21
mat T_V[10,20] = -1.60674556847e-21
mat T_V[10,21] =  1.21804014988e-08
mat T_V[10,22] =  1.21804014988e-08
mat T_V[10,23] =  1.21804014988e-08
mat T_V[10,24] =  1.21804014988e-08
mat T_V[11,1] =  .0000109273159762
mat T_V[11,2] = -1.07577562209e-06
mat T_V[11,3] =  .0001395226845168
mat T_V[11,4] =   .000094637263512
mat T_V[11,5] =  .0000108469021507
mat T_V[11,6] = -.0000107792676504
mat T_V[11,7] =  .0001501858922862
mat T_V[11,8] =  .0000991456596407
mat T_V[11,9] =  .0000223899437746
mat T_V[11,10] = -.0000638450424378
mat T_V[11,11] =  .0003286941731477
mat T_V[11,12] = -.0001023048245756
mat T_V[11,13] =  2.95772773093e-21
mat T_V[11,14] =  2.95772773093e-21
mat T_V[11,15] =  2.95772773093e-21
mat T_V[11,16] =  2.95772773093e-21
mat T_V[11,17] =  5.91545546186e-21
mat T_V[11,18] =  5.91545546186e-21
mat T_V[11,19] =  5.91545546186e-21
mat T_V[11,20] =  5.91545546186e-21
mat T_V[11,21] =  3.44151191189e-09
mat T_V[11,22] =  3.44151191188e-09
mat T_V[11,23] =  3.44151191189e-09
mat T_V[11,24] =  3.44151191189e-09
mat T_V[12,1] = -1.06607864572e-06
mat T_V[12,2] = -3.89307280353e-06
mat T_V[12,3] = -.0000508809121121
mat T_V[12,4] =  .0000177780440172
mat T_V[12,5] = -1.77190420353e-06
mat T_V[12,6] = -9.78091202017e-07
mat T_V[12,7] = -.0000527837858942
mat T_V[12,8] =  .0000129279394687
mat T_V[12,9] =  .0000112835042163
mat T_V[12,10] = -2.89699734239e-06
mat T_V[12,11] = -.0001023048245756
mat T_V[12,12] =  .0002651415538663
mat T_V[12,13] = -3.15725394491e-21
mat T_V[12,14] = -3.15725394491e-21
mat T_V[12,15] = -3.15725394491e-21
mat T_V[12,16] = -3.15725394491e-21
mat T_V[12,17] = -6.31450788981e-21
mat T_V[12,18] = -6.31450788981e-21
mat T_V[12,19] = -6.31450788981e-21
mat T_V[12,20] = -6.31450788981e-21
mat T_V[12,21] =  6.07029242793e-10
mat T_V[12,22] =  6.07029242793e-10
mat T_V[12,23] =  6.07029242792e-10
mat T_V[12,24] =  6.07029242793e-10
mat T_V[13,1] =  4.24191813365e-09
mat T_V[13,2] =  6.31845442068e-09
mat T_V[13,3] =  6.90210909525e-09
mat T_V[13,4] =  7.00680665734e-09
mat T_V[13,5] = -2.79933780490e-22
mat T_V[13,6] = -2.18916730475e-21
mat T_V[13,7] = -2.01157426231e-21
mat T_V[13,8] =  4.91308382866e-22
mat T_V[13,9] =  3.57615074660e-21
mat T_V[13,10] = -8.38899921025e-22
mat T_V[13,11] =  2.95772773093e-21
mat T_V[13,12] = -3.15725394491e-21
mat T_V[13,13] =  .0000328938351471
mat T_V[13,14] =  .0000328938351471
mat T_V[13,15] =  .0000328938351471
mat T_V[13,16] =  .0000328938351471
mat T_V[13,17] = -2.74115292892e-06
mat T_V[13,18] = -2.74115292892e-06
mat T_V[13,19] = -2.74115292892e-06
mat T_V[13,20] = -2.74115292892e-06
mat T_V[13,21] = -8.97727584222e-06
mat T_V[13,22] = -8.97727584222e-06
mat T_V[13,23] = -8.97727584222e-06
mat T_V[13,24] = -8.97727584222e-06
mat T_V[14,1] =  4.24191813365e-09
mat T_V[14,2] =  6.31845442068e-09
mat T_V[14,3] =  6.90210909525e-09
mat T_V[14,4] =  7.00680665734e-09
mat T_V[14,5] = -2.79933780490e-22
mat T_V[14,6] = -2.18916730475e-21
mat T_V[14,7] = -2.01157426231e-21
mat T_V[14,8] =  4.91308382866e-22
mat T_V[14,9] =  3.57615074660e-21
mat T_V[14,10] = -8.38899921025e-22
mat T_V[14,11] =  2.95772773093e-21
mat T_V[14,12] = -3.15725394491e-21
mat T_V[14,13] =  .0000328938351471
mat T_V[14,14] =  .0000328938351471
mat T_V[14,15] =  .0000328938351471
mat T_V[14,16] =  .0000328938351471
mat T_V[14,17] = -2.74115292892e-06
mat T_V[14,18] = -2.74115292892e-06
mat T_V[14,19] = -2.74115292892e-06
mat T_V[14,20] = -2.74115292892e-06
mat T_V[14,21] = -8.97727584222e-06
mat T_V[14,22] = -8.97727584222e-06
mat T_V[14,23] = -8.97727584222e-06
mat T_V[14,24] = -8.97727584222e-06
mat T_V[15,1] =  4.24191813365e-09
mat T_V[15,2] =  6.31845442068e-09
mat T_V[15,3] =  6.90210909525e-09
mat T_V[15,4] =  7.00680665734e-09
mat T_V[15,5] = -2.79933780490e-22
mat T_V[15,6] = -2.18916730475e-21
mat T_V[15,7] = -2.01157426231e-21
mat T_V[15,8] =  4.91308382866e-22
mat T_V[15,9] =  3.57615074660e-21
mat T_V[15,10] = -8.38899921025e-22
mat T_V[15,11] =  2.95772773093e-21
mat T_V[15,12] = -3.15725394491e-21
mat T_V[15,13] =  .0000328938351471
mat T_V[15,14] =  .0000328938351471
mat T_V[15,15] =  .0000328938351471
mat T_V[15,16] =  .0000328938351471
mat T_V[15,17] = -2.74115292892e-06
mat T_V[15,18] = -2.74115292892e-06
mat T_V[15,19] = -2.74115292892e-06
mat T_V[15,20] = -2.74115292892e-06
mat T_V[15,21] = -8.97727584222e-06
mat T_V[15,22] = -8.97727584222e-06
mat T_V[15,23] = -8.97727584222e-06
mat T_V[15,24] = -8.97727584222e-06
mat T_V[16,1] =  4.24191813365e-09
mat T_V[16,2] =  6.31845442068e-09
mat T_V[16,3] =  6.90210909525e-09
mat T_V[16,4] =  7.00680665734e-09
mat T_V[16,5] = -2.79933780490e-22
mat T_V[16,6] = -2.18916730475e-21
mat T_V[16,7] = -2.01157426231e-21
mat T_V[16,8] =  4.91308382866e-22
mat T_V[16,9] =  3.57615074660e-21
mat T_V[16,10] = -8.38899921025e-22
mat T_V[16,11] =  2.95772773093e-21
mat T_V[16,12] = -3.15725394491e-21
mat T_V[16,13] =  .0000328938351471
mat T_V[16,14] =  .0000328938351471
mat T_V[16,15] =  .0000328938351471
mat T_V[16,16] =  .0000328938351471
mat T_V[16,17] = -2.74115292892e-06
mat T_V[16,18] = -2.74115292892e-06
mat T_V[16,19] = -2.74115292892e-06
mat T_V[16,20] = -2.74115292892e-06
mat T_V[16,21] = -8.97727584222e-06
mat T_V[16,22] = -8.97727584222e-06
mat T_V[16,23] = -8.97727584222e-06
mat T_V[16,24] = -8.97727584222e-06
mat T_V[17,1] =  1.64219332577e-21
mat T_V[17,2] = -8.61324900292e-22
mat T_V[17,3] = -2.29946795316e-20
mat T_V[17,4] =  1.47391838454e-20
mat T_V[17,5] =  1.67681266070e-07
mat T_V[17,6] =  7.75940119948e-08
mat T_V[17,7] =  1.56552522560e-08
mat T_V[17,8] =  2.19668843614e-08
mat T_V[17,9] =  7.15230149321e-21
mat T_V[17,10] = -1.60674556847e-21
mat T_V[17,11] =  5.91545546186e-21
mat T_V[17,12] = -6.31450788981e-21
mat T_V[17,13] = -2.74115292892e-06
mat T_V[17,14] = -2.74115292892e-06
mat T_V[17,15] = -2.74115292892e-06
mat T_V[17,16] = -2.74115292892e-06
mat T_V[17,17] =  .0000630465173652
mat T_V[17,18] =  .0000630465173652
mat T_V[17,19] =  .0000630465173652
mat T_V[17,20] =  .0000630465173652
mat T_V[17,21] = -.0000179545516844
mat T_V[17,22] = -.0000179545516844
mat T_V[17,23] = -.0000179545516844
mat T_V[17,24] = -.0000179545516844
mat T_V[18,1] =  1.64219332577e-21
mat T_V[18,2] = -8.61324900292e-22
mat T_V[18,3] = -2.29946795316e-20
mat T_V[18,4] =  1.47391838454e-20
mat T_V[18,5] =  1.67681266070e-07
mat T_V[18,6] =  7.75940119948e-08
mat T_V[18,7] =  1.56552522560e-08
mat T_V[18,8] =  2.19668843614e-08
mat T_V[18,9] =  7.15230149321e-21
mat T_V[18,10] = -1.60674556847e-21
mat T_V[18,11] =  5.91545546186e-21
mat T_V[18,12] = -6.31450788981e-21
mat T_V[18,13] = -2.74115292892e-06
mat T_V[18,14] = -2.74115292892e-06
mat T_V[18,15] = -2.74115292892e-06
mat T_V[18,16] = -2.74115292892e-06
mat T_V[18,17] =  .0000630465173652
mat T_V[18,18] =  .0000630465173652
mat T_V[18,19] =  .0000630465173652
mat T_V[18,20] =  .0000630465173652
mat T_V[18,21] = -.0000179545516844
mat T_V[18,22] = -.0000179545516844
mat T_V[18,23] = -.0000179545516844
mat T_V[18,24] = -.0000179545516844
mat T_V[19,1] =  1.64219332577e-21
mat T_V[19,2] = -8.61324900292e-22
mat T_V[19,3] = -2.29946795316e-20
mat T_V[19,4] =  1.47391838454e-20
mat T_V[19,5] =  1.67681266070e-07
mat T_V[19,6] =  7.75940119948e-08
mat T_V[19,7] =  1.56552522560e-08
mat T_V[19,8] =  2.19668843614e-08
mat T_V[19,9] =  7.15230149321e-21
mat T_V[19,10] = -1.60674556847e-21
mat T_V[19,11] =  5.91545546186e-21
mat T_V[19,12] = -6.31450788981e-21
mat T_V[19,13] = -2.74115292892e-06
mat T_V[19,14] = -2.74115292892e-06
mat T_V[19,15] = -2.74115292892e-06
mat T_V[19,16] = -2.74115292892e-06
mat T_V[19,17] =  .0000630465173652
mat T_V[19,18] =  .0000630465173652
mat T_V[19,19] =  .0000630465173652
mat T_V[19,20] =  .0000630465173652
mat T_V[19,21] = -.0000179545516844
mat T_V[19,22] = -.0000179545516844
mat T_V[19,23] = -.0000179545516844
mat T_V[19,24] = -.0000179545516844
mat T_V[20,1] =  1.64219332577e-21
mat T_V[20,2] = -8.61324900292e-22
mat T_V[20,3] = -2.29946795316e-20
mat T_V[20,4] =  1.47391838454e-20
mat T_V[20,5] =  1.67681266070e-07
mat T_V[20,6] =  7.75940119948e-08
mat T_V[20,7] =  1.56552522560e-08
mat T_V[20,8] =  2.19668843614e-08
mat T_V[20,9] =  7.15230149321e-21
mat T_V[20,10] = -1.60674556847e-21
mat T_V[20,11] =  5.91545546186e-21
mat T_V[20,12] = -6.31450788981e-21
mat T_V[20,13] = -2.74115292892e-06
mat T_V[20,14] = -2.74115292892e-06
mat T_V[20,15] = -2.74115292892e-06
mat T_V[20,16] = -2.74115292892e-06
mat T_V[20,17] =  .0000630465173652
mat T_V[20,18] =  .0000630465173652
mat T_V[20,19] =  .0000630465173652
mat T_V[20,20] =  .0000630465173652
mat T_V[20,21] = -.0000179545516844
mat T_V[20,22] = -.0000179545516844
mat T_V[20,23] = -.0000179545516844
mat T_V[20,24] = -.0000179545516844
mat T_V[21,1] =  5.73506520052e-21
mat T_V[21,2] = -2.08499884025e-21
mat T_V[21,3] = -7.52632758327e-20
mat T_V[21,4] =  4.86437101332e-20
mat T_V[21,5] = -1.89914488113e-21
mat T_V[21,6] = -1.41237679638e-20
mat T_V[21,7] = -1.37680911156e-20
mat T_V[21,8] =  2.65412691824e-21
mat T_V[21,9] =  2.48299669187e-08
mat T_V[21,10] =  1.21804014988e-08
mat T_V[21,11] =  3.44151191189e-09
mat T_V[21,12] =  6.07029242793e-10
mat T_V[21,13] = -8.97727584222e-06
mat T_V[21,14] = -8.97727584222e-06
mat T_V[21,15] = -8.97727584222e-06
mat T_V[21,16] = -8.97727584222e-06
mat T_V[21,17] = -.0000179545516844
mat T_V[21,18] = -.0000179545516844
mat T_V[21,19] = -.0000179545516844
mat T_V[21,20] = -.0000179545516844
mat T_V[21,21] =  .0001656307392889
mat T_V[21,22] =  .0001656307392889
mat T_V[21,23] =  .0001656307392889
mat T_V[21,24] =  .0001656307392889
mat T_V[22,1] =  5.73506520052e-21
mat T_V[22,2] = -2.08499884025e-21
mat T_V[22,3] = -7.52632758327e-20
mat T_V[22,4] =  4.86437101332e-20
mat T_V[22,5] = -1.89914488113e-21
mat T_V[22,6] = -1.41237679638e-20
mat T_V[22,7] = -1.37680911156e-20
mat T_V[22,8] =  2.65412691824e-21
mat T_V[22,9] =  2.48299669187e-08
mat T_V[22,10] =  1.21804014988e-08
mat T_V[22,11] =  3.44151191188e-09
mat T_V[22,12] =  6.07029242793e-10
mat T_V[22,13] = -8.97727584222e-06
mat T_V[22,14] = -8.97727584222e-06
mat T_V[22,15] = -8.97727584222e-06
mat T_V[22,16] = -8.97727584222e-06
mat T_V[22,17] = -.0000179545516844
mat T_V[22,18] = -.0000179545516844
mat T_V[22,19] = -.0000179545516844
mat T_V[22,20] = -.0000179545516844
mat T_V[22,21] =  .0001656307392889
mat T_V[22,22] =  .0001656307392889
mat T_V[22,23] =  .0001656307392889
mat T_V[22,24] =  .0001656307392889
mat T_V[23,1] =  5.73506520052e-21
mat T_V[23,2] = -2.08499884025e-21
mat T_V[23,3] = -7.52632758327e-20
mat T_V[23,4] =  4.86437101332e-20
mat T_V[23,5] = -1.89914488113e-21
mat T_V[23,6] = -1.41237679638e-20
mat T_V[23,7] = -1.37680911156e-20
mat T_V[23,8] =  2.65412691824e-21
mat T_V[23,9] =  2.48299669187e-08
mat T_V[23,10] =  1.21804014988e-08
mat T_V[23,11] =  3.44151191189e-09
mat T_V[23,12] =  6.07029242792e-10
mat T_V[23,13] = -8.97727584222e-06
mat T_V[23,14] = -8.97727584222e-06
mat T_V[23,15] = -8.97727584222e-06
mat T_V[23,16] = -8.97727584222e-06
mat T_V[23,17] = -.0000179545516844
mat T_V[23,18] = -.0000179545516844
mat T_V[23,19] = -.0000179545516844
mat T_V[23,20] = -.0000179545516844
mat T_V[23,21] =  .0001656307392889
mat T_V[23,22] =  .0001656307392889
mat T_V[23,23] =  .0001656307392889
mat T_V[23,24] =  .0001656307392889
mat T_V[24,1] =  5.73506520052e-21
mat T_V[24,2] = -2.08499884025e-21
mat T_V[24,3] = -7.52632758327e-20
mat T_V[24,4] =  4.86437101332e-20
mat T_V[24,5] = -1.89914488113e-21
mat T_V[24,6] = -1.41237679638e-20
mat T_V[24,7] = -1.37680911156e-20
mat T_V[24,8] =  2.65412691824e-21
mat T_V[24,9] =  2.48299669187e-08
mat T_V[24,10] =  1.21804014988e-08
mat T_V[24,11] =  3.44151191189e-09
mat T_V[24,12] =  6.07029242793e-10
mat T_V[24,13] = -8.97727584222e-06
mat T_V[24,14] = -8.97727584222e-06
mat T_V[24,15] = -8.97727584222e-06
mat T_V[24,16] = -8.97727584222e-06
mat T_V[24,17] = -.0000179545516844
mat T_V[24,18] = -.0000179545516844
mat T_V[24,19] = -.0000179545516844
mat T_V[24,20] = -.0000179545516844
mat T_V[24,21] =  .0001656307392889
mat T_V[24,22] =  .0001656307392889
mat T_V[24,23] =  .0001656307392889
mat T_V[24,24] =  .0001656307392889
}
matrix C_V = e(V)
assert mreldif( C_V , T_V ) < 1E-8
_assert_streq `"`: rowfullnames C_V'"' `"g2004:t_2003_2004 g2004:t_2003_2005 g2004:t_2003_2006 g2004:t_2003_2007 g2006:t_2003_2004 g2006:t_2004_2005 g2006:t_2005_2006 g2006:t_2005_2007 g2007:t_2003_2004 g2007:t_2004_2005 g2007:t_2005_2006 g2007:t_2006_2007 wgt:w2004_2004 wgt:w2004_2005 wgt:w2004_2006 wgt:w2004_2007 wgt:w2006_2004 wgt:w2006_2005 wgt:w2006_2006 wgt:w2006_2007 wgt:w2007_2004 wgt:w2007_2005 wgt:w2007_2006 wgt:w2007_2007"'
_assert_streq `"`: colfullnames C_V'"' `"g2004:t_2003_2004 g2004:t_2003_2005 g2004:t_2003_2006 g2004:t_2003_2007 g2006:t_2003_2004 g2006:t_2004_2005 g2006:t_2005_2006 g2006:t_2005_2007 g2007:t_2003_2004 g2007:t_2004_2005 g2007:t_2005_2006 g2007:t_2006_2007 wgt:w2004_2004 wgt:w2004_2005 wgt:w2004_2006 wgt:w2004_2007 wgt:w2006_2004 wgt:w2006_2005 wgt:w2006_2006 wgt:w2006_2007 wgt:w2007_2004 wgt:w2007_2005 wgt:w2007_2006 wgt:w2007_2007"'
mat drop C_V T_V

qui {
mat T_gtt = J(12,4,0)
mat T_gtt[1,1] =               2004
mat T_gtt[1,2] =               2003
mat T_gtt[1,3] =               2004
mat T_gtt[2,1] =               2004
mat T_gtt[2,2] =               2003
mat T_gtt[2,3] =               2005
mat T_gtt[3,1] =               2004
mat T_gtt[3,2] =               2003
mat T_gtt[3,3] =               2006
mat T_gtt[4,1] =               2004
mat T_gtt[4,2] =               2003
mat T_gtt[4,3] =               2007
mat T_gtt[5,1] =               2006
mat T_gtt[5,2] =               2003
mat T_gtt[5,3] =               2004
mat T_gtt[6,1] =               2006
mat T_gtt[6,2] =               2004
mat T_gtt[6,3] =               2005
mat T_gtt[7,1] =               2006
mat T_gtt[7,2] =               2005
mat T_gtt[7,3] =               2006
mat T_gtt[8,1] =               2006
mat T_gtt[8,2] =               2005
mat T_gtt[8,3] =               2007
mat T_gtt[9,1] =               2007
mat T_gtt[9,2] =               2003
mat T_gtt[9,3] =               2004
mat T_gtt[10,1] =               2007
mat T_gtt[10,2] =               2004
mat T_gtt[10,3] =               2005
mat T_gtt[11,1] =               2007
mat T_gtt[11,2] =               2005
mat T_gtt[11,3] =               2006
mat T_gtt[12,1] =               2007
mat T_gtt[12,2] =               2006
mat T_gtt[12,3] =               2007
}
matrix C_gtt = e(gtt)
assert mreldif( C_gtt , T_gtt ) < 1E-8
_assert_streq `"`: rowfullnames C_gtt'"' `"r1 r2 r3 r4 r5 r6 r7 r8 r9 r10 r11 r12"'
_assert_streq `"`: colfullnames C_gtt'"' `"c1 c2 c3 c4"'
mat drop C_gtt T_gtt

qui {
mat T_V_attgt = J(24,24,0)
mat T_V_attgt[1,1] =  .0004898129647356
mat T_V_attgt[1,2] =  .0003205828616603
mat T_V_attgt[1,3] =  .0003768012069929
mat T_V_attgt[1,4] =  .0001256527779848
mat T_V_attgt[1,5] =  .0000557556669937
mat T_V_attgt[1,6] = -9.66875193370e-06
mat T_V_attgt[1,7] =  .0000138970256505
mat T_V_attgt[1,8] =   .000010570735739
mat T_V_attgt[1,9] =  .0000651854506484
mat T_V_attgt[1,10] = -.0000165224137149
mat T_V_attgt[1,11] =  .0000109273159762
mat T_V_attgt[1,12] = -1.06607864572e-06
mat T_V_attgt[1,13] =  4.24191813365e-09
mat T_V_attgt[1,14] =  4.24191813365e-09
mat T_V_attgt[1,15] =  4.24191813365e-09
mat T_V_attgt[1,16] =  4.24191813365e-09
mat T_V_attgt[1,17] =  1.64219332577e-21
mat T_V_attgt[1,18] =  1.64219332577e-21
mat T_V_attgt[1,19] =  1.64219332577e-21
mat T_V_attgt[1,20] =  1.64219332577e-21
mat T_V_attgt[1,21] =  5.73506520052e-21
mat T_V_attgt[1,22] =  5.73506520052e-21
mat T_V_attgt[1,23] =  5.73506520052e-21
mat T_V_attgt[1,24] =  5.73506520052e-21
mat T_V_attgt[2,1] =  .0003205828616603
mat T_V_attgt[2,2] =  .0008221123761887
mat T_V_attgt[2,3] =  .0008003537129662
mat T_V_attgt[2,4] =  .0006219688347529
mat T_V_attgt[2,5] =  .0000419059182383
mat T_V_attgt[2,6] =  .0000337778064277
mat T_V_attgt[2,7] =  4.60100156236e-06
mat T_V_attgt[2,8] = -9.08266540585e-07
mat T_V_attgt[2,9] =  .0000468697907019
mat T_V_attgt[2,10] =  .0000352617057185
mat T_V_attgt[2,11] = -1.07577562209e-06
mat T_V_attgt[2,12] = -3.89307280353e-06
mat T_V_attgt[2,13] =  6.31845442068e-09
mat T_V_attgt[2,14] =  6.31845442068e-09
mat T_V_attgt[2,15] =  6.31845442068e-09
mat T_V_attgt[2,16] =  6.31845442068e-09
mat T_V_attgt[2,17] = -8.61324900292e-22
mat T_V_attgt[2,18] = -8.61324900292e-22
mat T_V_attgt[2,19] = -8.61324900292e-22
mat T_V_attgt[2,20] = -8.61324900292e-22
mat T_V_attgt[2,21] = -2.08499884025e-21
mat T_V_attgt[2,22] = -2.08499884025e-21
mat T_V_attgt[2,23] = -2.08499884025e-21
mat T_V_attgt[2,24] = -2.08499884025e-21
mat T_V_attgt[3,1] =  .0003768012069929
mat T_V_attgt[3,2] =  .0008003537129662
mat T_V_attgt[3,3] =   .001251525601078
mat T_V_attgt[3,4] =  .0007597371046894
mat T_V_attgt[3,5] =  .0000516561195405
mat T_V_attgt[3,6] =   .000022470048767
mat T_V_attgt[3,7] =  .0001564488765599
mat T_V_attgt[3,8] =  .0000989589231012
mat T_V_attgt[3,9] =  .0000560417874112
mat T_V_attgt[3,10] =  .0000223876574041
mat T_V_attgt[3,11] =  .0001395226845168
mat T_V_attgt[3,12] = -.0000508809121121
mat T_V_attgt[3,13] =  6.90210909525e-09
mat T_V_attgt[3,14] =  6.90210909525e-09
mat T_V_attgt[3,15] =  6.90210909525e-09
mat T_V_attgt[3,16] =  6.90210909525e-09
mat T_V_attgt[3,17] = -2.29946795316e-20
mat T_V_attgt[3,18] = -2.29946795316e-20
mat T_V_attgt[3,19] = -2.29946795316e-20
mat T_V_attgt[3,20] = -2.29946795316e-20
mat T_V_attgt[3,21] = -7.52632758327e-20
mat T_V_attgt[3,22] = -7.52632758327e-20
mat T_V_attgt[3,23] = -7.52632758327e-20
mat T_V_attgt[3,24] = -7.52632758327e-20
mat T_V_attgt[4,1] =  .0001256527779848
mat T_V_attgt[4,2] =  .0006219688347529
mat T_V_attgt[4,3] =  .0007597371046894
mat T_V_attgt[4,4] =  .0010814758600333
mat T_V_attgt[4,5] =  .0000487461247756
mat T_V_attgt[4,6] =  .0000210495873271
mat T_V_attgt[4,7] =  .0001050604126914
mat T_V_attgt[4,8] =  .0001121774084429
mat T_V_attgt[4,9] =  .0000541567141865
mat T_V_attgt[4,10] =  .0000200847053588
mat T_V_attgt[4,11] =   .000094637263512
mat T_V_attgt[4,12] =  .0000177780440172
mat T_V_attgt[4,13] =  7.00680665734e-09
mat T_V_attgt[4,14] =  7.00680665734e-09
mat T_V_attgt[4,15] =  7.00680665734e-09
mat T_V_attgt[4,16] =  7.00680665734e-09
mat T_V_attgt[4,17] =  1.47391838454e-20
mat T_V_attgt[4,18] =  1.47391838454e-20
mat T_V_attgt[4,19] =  1.47391838454e-20
mat T_V_attgt[4,20] =  1.47391838454e-20
mat T_V_attgt[4,21] =  4.86437101332e-20
mat T_V_attgt[4,22] =  4.86437101332e-20
mat T_V_attgt[4,23] =  4.86437101332e-20
mat T_V_attgt[4,24] =  4.86437101332e-20
mat T_V_attgt[5,1] =  .0000557556669937
mat T_V_attgt[5,2] =  .0000419059182383
mat T_V_attgt[5,3] =  .0000516561195405
mat T_V_attgt[5,4] =  .0000487461247756
mat T_V_attgt[5,5] =  .0004966100881942
mat T_V_attgt[5,6] =  .0000442363000656
mat T_V_attgt[5,7] =  4.69990565690e-06
mat T_V_attgt[5,8] = -.0000219332958644
mat T_V_attgt[5,9] =  .0000570999509147
mat T_V_attgt[5,10] = -.0000125014188141
mat T_V_attgt[5,11] =  .0000108469021507
mat T_V_attgt[5,12] = -1.77190420353e-06
mat T_V_attgt[5,13] = -2.79933780490e-22
mat T_V_attgt[5,14] = -2.79933780490e-22
mat T_V_attgt[5,15] = -2.79933780490e-22
mat T_V_attgt[5,16] = -2.79933780490e-22
mat T_V_attgt[5,17] =  1.67681266070e-07
mat T_V_attgt[5,18] =  1.67681266070e-07
mat T_V_attgt[5,19] =  1.67681266070e-07
mat T_V_attgt[5,20] =  1.67681266070e-07
mat T_V_attgt[5,21] = -1.89914488113e-21
mat T_V_attgt[5,22] = -1.89914488113e-21
mat T_V_attgt[5,23] = -1.89914488113e-21
mat T_V_attgt[5,24] = -1.89914488113e-21
mat T_V_attgt[6,1] = -9.66875193370e-06
mat T_V_attgt[6,2] =  .0000337778064277
mat T_V_attgt[6,3] =   .000022470048767
mat T_V_attgt[6,4] =  .0000210495873271
mat T_V_attgt[6,5] =  .0000442363000656
mat T_V_attgt[6,6] =  .0003415294671158
mat T_V_attgt[6,7] = -.0000713859562159
mat T_V_attgt[6,8] = -.0000331407651434
mat T_V_attgt[6,9] = -9.40838452720e-06
mat T_V_attgt[6,10] =  .0000440135137245
mat T_V_attgt[6,11] = -.0000107792676504
mat T_V_attgt[6,12] = -9.78091202017e-07
mat T_V_attgt[6,13] = -2.18916730475e-21
mat T_V_attgt[6,14] = -2.18916730475e-21
mat T_V_attgt[6,15] = -2.18916730475e-21
mat T_V_attgt[6,16] = -2.18916730475e-21
mat T_V_attgt[6,17] =  7.75940119948e-08
mat T_V_attgt[6,18] =  7.75940119948e-08
mat T_V_attgt[6,19] =  7.75940119948e-08
mat T_V_attgt[6,20] =  7.75940119948e-08
mat T_V_attgt[6,21] = -1.41237679638e-20
mat T_V_attgt[6,22] = -1.41237679638e-20
mat T_V_attgt[6,23] = -1.41237679638e-20
mat T_V_attgt[6,24] = -1.41237679638e-20
mat T_V_attgt[7,1] =  .0000138970256505
mat T_V_attgt[7,2] =  4.60100156236e-06
mat T_V_attgt[7,3] =  .0001564488765599
mat T_V_attgt[7,4] =  .0001050604126914
mat T_V_attgt[7,5] =  4.69990565690e-06
mat T_V_attgt[7,6] = -.0000713859562159
mat T_V_attgt[7,7] =    .00037259132027
mat T_V_attgt[7,8] =  .0002248911889603
mat T_V_attgt[7,9] =  .0000136228122478
mat T_V_attgt[7,10] = -9.73866455798e-06
mat T_V_attgt[7,11] =  .0001501858922862
mat T_V_attgt[7,12] = -.0000527837858942
mat T_V_attgt[7,13] = -2.01157426231e-21
mat T_V_attgt[7,14] = -2.01157426231e-21
mat T_V_attgt[7,15] = -2.01157426231e-21
mat T_V_attgt[7,16] = -2.01157426231e-21
mat T_V_attgt[7,17] =  1.56552522560e-08
mat T_V_attgt[7,18] =  1.56552522560e-08
mat T_V_attgt[7,19] =  1.56552522560e-08
mat T_V_attgt[7,20] =  1.56552522560e-08
mat T_V_attgt[7,21] = -1.37680911156e-20
mat T_V_attgt[7,22] = -1.37680911156e-20
mat T_V_attgt[7,23] = -1.37680911156e-20
mat T_V_attgt[7,24] = -1.37680911156e-20
mat T_V_attgt[8,1] =   .000010570735739
mat T_V_attgt[8,2] = -9.08266540585e-07
mat T_V_attgt[8,3] =  .0000989589231012
mat T_V_attgt[8,4] =  .0001121774084429
mat T_V_attgt[8,5] = -.0000219332958644
mat T_V_attgt[8,6] = -.0000331407651434
mat T_V_attgt[8,7] =  .0002248911889603
mat T_V_attgt[8,8] =   .000387022088091
mat T_V_attgt[8,9] =  .0000106843304449
mat T_V_attgt[8,10] = -.0000114974914341
mat T_V_attgt[8,11] =  .0000991456596407
mat T_V_attgt[8,12] =  .0000129279394687
mat T_V_attgt[8,13] =  4.91308382866e-22
mat T_V_attgt[8,14] =  4.91308382866e-22
mat T_V_attgt[8,15] =  4.91308382866e-22
mat T_V_attgt[8,16] =  4.91308382866e-22
mat T_V_attgt[8,17] =  2.19668843614e-08
mat T_V_attgt[8,18] =  2.19668843614e-08
mat T_V_attgt[8,19] =  2.19668843614e-08
mat T_V_attgt[8,20] =  2.19668843614e-08
mat T_V_attgt[8,21] =  2.65412691824e-21
mat T_V_attgt[8,22] =  2.65412691824e-21
mat T_V_attgt[8,23] =  2.65412691824e-21
mat T_V_attgt[8,24] =  2.65412691824e-21
mat T_V_attgt[9,1] =  .0000651854506484
mat T_V_attgt[9,2] =  .0000468697907019
mat T_V_attgt[9,3] =  .0000560417874112
mat T_V_attgt[9,4] =  .0000541567141865
mat T_V_attgt[9,5] =  .0000570999509147
mat T_V_attgt[9,6] = -9.40838452720e-06
mat T_V_attgt[9,7] =  .0000136228122478
mat T_V_attgt[9,8] =  .0000106843304449
mat T_V_attgt[9,9] =  .0001991180251482
mat T_V_attgt[9,10] = -.0000434446552279
mat T_V_attgt[9,11] =  .0000223899437746
mat T_V_attgt[9,12] =  .0000112835042163
mat T_V_attgt[9,13] =  3.57615074660e-21
mat T_V_attgt[9,14] =  3.57615074660e-21
mat T_V_attgt[9,15] =  3.57615074660e-21
mat T_V_attgt[9,16] =  3.57615074660e-21
mat T_V_attgt[9,17] =  7.15230149321e-21
mat T_V_attgt[9,18] =  7.15230149321e-21
mat T_V_attgt[9,19] =  7.15230149321e-21
mat T_V_attgt[9,20] =  7.15230149321e-21
mat T_V_attgt[9,21] =  2.48299669187e-08
mat T_V_attgt[9,22] =  2.48299669187e-08
mat T_V_attgt[9,23] =  2.48299669187e-08
mat T_V_attgt[9,24] =  2.48299669187e-08
mat T_V_attgt[10,1] = -.0000165224137149
mat T_V_attgt[10,2] =  .0000352617057185
mat T_V_attgt[10,3] =  .0000223876574041
mat T_V_attgt[10,4] =  .0000200847053588
mat T_V_attgt[10,5] = -.0000125014188141
mat T_V_attgt[10,6] =  .0000440135137245
mat T_V_attgt[10,7] = -9.73866455798e-06
mat T_V_attgt[10,8] = -.0000114974914341
mat T_V_attgt[10,9] = -.0000434446552279
mat T_V_attgt[10,10] =  .0002459293352407
mat T_V_attgt[10,11] = -.0000638450424378
mat T_V_attgt[10,12] = -2.89699734239e-06
mat T_V_attgt[10,13] = -8.38899921025e-22
mat T_V_attgt[10,14] = -8.38899921025e-22
mat T_V_attgt[10,15] = -8.38899921025e-22
mat T_V_attgt[10,16] = -8.38899921025e-22
mat T_V_attgt[10,17] = -1.60674556847e-21
mat T_V_attgt[10,18] = -1.60674556847e-21
mat T_V_attgt[10,19] = -1.60674556847e-21
mat T_V_attgt[10,20] = -1.60674556847e-21
mat T_V_attgt[10,21] =  1.21804014988e-08
mat T_V_attgt[10,22] =  1.21804014988e-08
mat T_V_attgt[10,23] =  1.21804014988e-08
mat T_V_attgt[10,24] =  1.21804014988e-08
mat T_V_attgt[11,1] =  .0000109273159762
mat T_V_attgt[11,2] = -1.07577562209e-06
mat T_V_attgt[11,3] =  .0001395226845168
mat T_V_attgt[11,4] =   .000094637263512
mat T_V_attgt[11,5] =  .0000108469021507
mat T_V_attgt[11,6] = -.0000107792676504
mat T_V_attgt[11,7] =  .0001501858922862
mat T_V_attgt[11,8] =  .0000991456596407
mat T_V_attgt[11,9] =  .0000223899437746
mat T_V_attgt[11,10] = -.0000638450424378
mat T_V_attgt[11,11] =  .0003286941731477
mat T_V_attgt[11,12] = -.0001023048245756
mat T_V_attgt[11,13] =  2.95772773093e-21
mat T_V_attgt[11,14] =  2.95772773093e-21
mat T_V_attgt[11,15] =  2.95772773093e-21
mat T_V_attgt[11,16] =  2.95772773093e-21
mat T_V_attgt[11,17] =  5.91545546186e-21
mat T_V_attgt[11,18] =  5.91545546186e-21
mat T_V_attgt[11,19] =  5.91545546186e-21
mat T_V_attgt[11,20] =  5.91545546186e-21
mat T_V_attgt[11,21] =  3.44151191189e-09
mat T_V_attgt[11,22] =  3.44151191188e-09
mat T_V_attgt[11,23] =  3.44151191189e-09
mat T_V_attgt[11,24] =  3.44151191189e-09
mat T_V_attgt[12,1] = -1.06607864572e-06
mat T_V_attgt[12,2] = -3.89307280353e-06
mat T_V_attgt[12,3] = -.0000508809121121
mat T_V_attgt[12,4] =  .0000177780440172
mat T_V_attgt[12,5] = -1.77190420353e-06
mat T_V_attgt[12,6] = -9.78091202017e-07
mat T_V_attgt[12,7] = -.0000527837858942
mat T_V_attgt[12,8] =  .0000129279394687
mat T_V_attgt[12,9] =  .0000112835042163
mat T_V_attgt[12,10] = -2.89699734239e-06
mat T_V_attgt[12,11] = -.0001023048245756
mat T_V_attgt[12,12] =  .0002651415538663
mat T_V_attgt[12,13] = -3.15725394491e-21
mat T_V_attgt[12,14] = -3.15725394491e-21
mat T_V_attgt[12,15] = -3.15725394491e-21
mat T_V_attgt[12,16] = -3.15725394491e-21
mat T_V_attgt[12,17] = -6.31450788981e-21
mat T_V_attgt[12,18] = -6.31450788981e-21
mat T_V_attgt[12,19] = -6.31450788981e-21
mat T_V_attgt[12,20] = -6.31450788981e-21
mat T_V_attgt[12,21] =  6.07029242793e-10
mat T_V_attgt[12,22] =  6.07029242793e-10
mat T_V_attgt[12,23] =  6.07029242792e-10
mat T_V_attgt[12,24] =  6.07029242793e-10
mat T_V_attgt[13,1] =  4.24191813365e-09
mat T_V_attgt[13,2] =  6.31845442068e-09
mat T_V_attgt[13,3] =  6.90210909525e-09
mat T_V_attgt[13,4] =  7.00680665734e-09
mat T_V_attgt[13,5] = -2.79933780490e-22
mat T_V_attgt[13,6] = -2.18916730475e-21
mat T_V_attgt[13,7] = -2.01157426231e-21
mat T_V_attgt[13,8] =  4.91308382866e-22
mat T_V_attgt[13,9] =  3.57615074660e-21
mat T_V_attgt[13,10] = -8.38899921025e-22
mat T_V_attgt[13,11] =  2.95772773093e-21
mat T_V_attgt[13,12] = -3.15725394491e-21
mat T_V_attgt[13,13] =  .0000328938351471
mat T_V_attgt[13,14] =  .0000328938351471
mat T_V_attgt[13,15] =  .0000328938351471
mat T_V_attgt[13,16] =  .0000328938351471
mat T_V_attgt[13,17] = -2.74115292892e-06
mat T_V_attgt[13,18] = -2.74115292892e-06
mat T_V_attgt[13,19] = -2.74115292892e-06
mat T_V_attgt[13,20] = -2.74115292892e-06
mat T_V_attgt[13,21] = -8.97727584222e-06
mat T_V_attgt[13,22] = -8.97727584222e-06
mat T_V_attgt[13,23] = -8.97727584222e-06
mat T_V_attgt[13,24] = -8.97727584222e-06
mat T_V_attgt[14,1] =  4.24191813365e-09
mat T_V_attgt[14,2] =  6.31845442068e-09
mat T_V_attgt[14,3] =  6.90210909525e-09
mat T_V_attgt[14,4] =  7.00680665734e-09
mat T_V_attgt[14,5] = -2.79933780490e-22
mat T_V_attgt[14,6] = -2.18916730475e-21
mat T_V_attgt[14,7] = -2.01157426231e-21
mat T_V_attgt[14,8] =  4.91308382866e-22
mat T_V_attgt[14,9] =  3.57615074660e-21
mat T_V_attgt[14,10] = -8.38899921025e-22
mat T_V_attgt[14,11] =  2.95772773093e-21
mat T_V_attgt[14,12] = -3.15725394491e-21
mat T_V_attgt[14,13] =  .0000328938351471
mat T_V_attgt[14,14] =  .0000328938351471
mat T_V_attgt[14,15] =  .0000328938351471
mat T_V_attgt[14,16] =  .0000328938351471
mat T_V_attgt[14,17] = -2.74115292892e-06
mat T_V_attgt[14,18] = -2.74115292892e-06
mat T_V_attgt[14,19] = -2.74115292892e-06
mat T_V_attgt[14,20] = -2.74115292892e-06
mat T_V_attgt[14,21] = -8.97727584222e-06
mat T_V_attgt[14,22] = -8.97727584222e-06
mat T_V_attgt[14,23] = -8.97727584222e-06
mat T_V_attgt[14,24] = -8.97727584222e-06
mat T_V_attgt[15,1] =  4.24191813365e-09
mat T_V_attgt[15,2] =  6.31845442068e-09
mat T_V_attgt[15,3] =  6.90210909525e-09
mat T_V_attgt[15,4] =  7.00680665734e-09
mat T_V_attgt[15,5] = -2.79933780490e-22
mat T_V_attgt[15,6] = -2.18916730475e-21
mat T_V_attgt[15,7] = -2.01157426231e-21
mat T_V_attgt[15,8] =  4.91308382866e-22
mat T_V_attgt[15,9] =  3.57615074660e-21
mat T_V_attgt[15,10] = -8.38899921025e-22
mat T_V_attgt[15,11] =  2.95772773093e-21
mat T_V_attgt[15,12] = -3.15725394491e-21
mat T_V_attgt[15,13] =  .0000328938351471
mat T_V_attgt[15,14] =  .0000328938351471
mat T_V_attgt[15,15] =  .0000328938351471
mat T_V_attgt[15,16] =  .0000328938351471
mat T_V_attgt[15,17] = -2.74115292892e-06
mat T_V_attgt[15,18] = -2.74115292892e-06
mat T_V_attgt[15,19] = -2.74115292892e-06
mat T_V_attgt[15,20] = -2.74115292892e-06
mat T_V_attgt[15,21] = -8.97727584222e-06
mat T_V_attgt[15,22] = -8.97727584222e-06
mat T_V_attgt[15,23] = -8.97727584222e-06
mat T_V_attgt[15,24] = -8.97727584222e-06
mat T_V_attgt[16,1] =  4.24191813365e-09
mat T_V_attgt[16,2] =  6.31845442068e-09
mat T_V_attgt[16,3] =  6.90210909525e-09
mat T_V_attgt[16,4] =  7.00680665734e-09
mat T_V_attgt[16,5] = -2.79933780490e-22
mat T_V_attgt[16,6] = -2.18916730475e-21
mat T_V_attgt[16,7] = -2.01157426231e-21
mat T_V_attgt[16,8] =  4.91308382866e-22
mat T_V_attgt[16,9] =  3.57615074660e-21
mat T_V_attgt[16,10] = -8.38899921025e-22
mat T_V_attgt[16,11] =  2.95772773093e-21
mat T_V_attgt[16,12] = -3.15725394491e-21
mat T_V_attgt[16,13] =  .0000328938351471
mat T_V_attgt[16,14] =  .0000328938351471
mat T_V_attgt[16,15] =  .0000328938351471
mat T_V_attgt[16,16] =  .0000328938351471
mat T_V_attgt[16,17] = -2.74115292892e-06
mat T_V_attgt[16,18] = -2.74115292892e-06
mat T_V_attgt[16,19] = -2.74115292892e-06
mat T_V_attgt[16,20] = -2.74115292892e-06
mat T_V_attgt[16,21] = -8.97727584222e-06
mat T_V_attgt[16,22] = -8.97727584222e-06
mat T_V_attgt[16,23] = -8.97727584222e-06
mat T_V_attgt[16,24] = -8.97727584222e-06
mat T_V_attgt[17,1] =  1.64219332577e-21
mat T_V_attgt[17,2] = -8.61324900292e-22
mat T_V_attgt[17,3] = -2.29946795316e-20
mat T_V_attgt[17,4] =  1.47391838454e-20
mat T_V_attgt[17,5] =  1.67681266070e-07
mat T_V_attgt[17,6] =  7.75940119948e-08
mat T_V_attgt[17,7] =  1.56552522560e-08
mat T_V_attgt[17,8] =  2.19668843614e-08
mat T_V_attgt[17,9] =  7.15230149321e-21
mat T_V_attgt[17,10] = -1.60674556847e-21
mat T_V_attgt[17,11] =  5.91545546186e-21
mat T_V_attgt[17,12] = -6.31450788981e-21
mat T_V_attgt[17,13] = -2.74115292892e-06
mat T_V_attgt[17,14] = -2.74115292892e-06
mat T_V_attgt[17,15] = -2.74115292892e-06
mat T_V_attgt[17,16] = -2.74115292892e-06
mat T_V_attgt[17,17] =  .0000630465173652
mat T_V_attgt[17,18] =  .0000630465173652
mat T_V_attgt[17,19] =  .0000630465173652
mat T_V_attgt[17,20] =  .0000630465173652
mat T_V_attgt[17,21] = -.0000179545516844
mat T_V_attgt[17,22] = -.0000179545516844
mat T_V_attgt[17,23] = -.0000179545516844
mat T_V_attgt[17,24] = -.0000179545516844
mat T_V_attgt[18,1] =  1.64219332577e-21
mat T_V_attgt[18,2] = -8.61324900292e-22
mat T_V_attgt[18,3] = -2.29946795316e-20
mat T_V_attgt[18,4] =  1.47391838454e-20
mat T_V_attgt[18,5] =  1.67681266070e-07
mat T_V_attgt[18,6] =  7.75940119948e-08
mat T_V_attgt[18,7] =  1.56552522560e-08
mat T_V_attgt[18,8] =  2.19668843614e-08
mat T_V_attgt[18,9] =  7.15230149321e-21
mat T_V_attgt[18,10] = -1.60674556847e-21
mat T_V_attgt[18,11] =  5.91545546186e-21
mat T_V_attgt[18,12] = -6.31450788981e-21
mat T_V_attgt[18,13] = -2.74115292892e-06
mat T_V_attgt[18,14] = -2.74115292892e-06
mat T_V_attgt[18,15] = -2.74115292892e-06
mat T_V_attgt[18,16] = -2.74115292892e-06
mat T_V_attgt[18,17] =  .0000630465173652
mat T_V_attgt[18,18] =  .0000630465173652
mat T_V_attgt[18,19] =  .0000630465173652
mat T_V_attgt[18,20] =  .0000630465173652
mat T_V_attgt[18,21] = -.0000179545516844
mat T_V_attgt[18,22] = -.0000179545516844
mat T_V_attgt[18,23] = -.0000179545516844
mat T_V_attgt[18,24] = -.0000179545516844
mat T_V_attgt[19,1] =  1.64219332577e-21
mat T_V_attgt[19,2] = -8.61324900292e-22
mat T_V_attgt[19,3] = -2.29946795316e-20
mat T_V_attgt[19,4] =  1.47391838454e-20
mat T_V_attgt[19,5] =  1.67681266070e-07
mat T_V_attgt[19,6] =  7.75940119948e-08
mat T_V_attgt[19,7] =  1.56552522560e-08
mat T_V_attgt[19,8] =  2.19668843614e-08
mat T_V_attgt[19,9] =  7.15230149321e-21
mat T_V_attgt[19,10] = -1.60674556847e-21
mat T_V_attgt[19,11] =  5.91545546186e-21
mat T_V_attgt[19,12] = -6.31450788981e-21
mat T_V_attgt[19,13] = -2.74115292892e-06
mat T_V_attgt[19,14] = -2.74115292892e-06
mat T_V_attgt[19,15] = -2.74115292892e-06
mat T_V_attgt[19,16] = -2.74115292892e-06
mat T_V_attgt[19,17] =  .0000630465173652
mat T_V_attgt[19,18] =  .0000630465173652
mat T_V_attgt[19,19] =  .0000630465173652
mat T_V_attgt[19,20] =  .0000630465173652
mat T_V_attgt[19,21] = -.0000179545516844
mat T_V_attgt[19,22] = -.0000179545516844
mat T_V_attgt[19,23] = -.0000179545516844
mat T_V_attgt[19,24] = -.0000179545516844
mat T_V_attgt[20,1] =  1.64219332577e-21
mat T_V_attgt[20,2] = -8.61324900292e-22
mat T_V_attgt[20,3] = -2.29946795316e-20
mat T_V_attgt[20,4] =  1.47391838454e-20
mat T_V_attgt[20,5] =  1.67681266070e-07
mat T_V_attgt[20,6] =  7.75940119948e-08
mat T_V_attgt[20,7] =  1.56552522560e-08
mat T_V_attgt[20,8] =  2.19668843614e-08
mat T_V_attgt[20,9] =  7.15230149321e-21
mat T_V_attgt[20,10] = -1.60674556847e-21
mat T_V_attgt[20,11] =  5.91545546186e-21
mat T_V_attgt[20,12] = -6.31450788981e-21
mat T_V_attgt[20,13] = -2.74115292892e-06
mat T_V_attgt[20,14] = -2.74115292892e-06
mat T_V_attgt[20,15] = -2.74115292892e-06
mat T_V_attgt[20,16] = -2.74115292892e-06
mat T_V_attgt[20,17] =  .0000630465173652
mat T_V_attgt[20,18] =  .0000630465173652
mat T_V_attgt[20,19] =  .0000630465173652
mat T_V_attgt[20,20] =  .0000630465173652
mat T_V_attgt[20,21] = -.0000179545516844
mat T_V_attgt[20,22] = -.0000179545516844
mat T_V_attgt[20,23] = -.0000179545516844
mat T_V_attgt[20,24] = -.0000179545516844
mat T_V_attgt[21,1] =  5.73506520052e-21
mat T_V_attgt[21,2] = -2.08499884025e-21
mat T_V_attgt[21,3] = -7.52632758327e-20
mat T_V_attgt[21,4] =  4.86437101332e-20
mat T_V_attgt[21,5] = -1.89914488113e-21
mat T_V_attgt[21,6] = -1.41237679638e-20
mat T_V_attgt[21,7] = -1.37680911156e-20
mat T_V_attgt[21,8] =  2.65412691824e-21
mat T_V_attgt[21,9] =  2.48299669187e-08
mat T_V_attgt[21,10] =  1.21804014988e-08
mat T_V_attgt[21,11] =  3.44151191189e-09
mat T_V_attgt[21,12] =  6.07029242793e-10
mat T_V_attgt[21,13] = -8.97727584222e-06
mat T_V_attgt[21,14] = -8.97727584222e-06
mat T_V_attgt[21,15] = -8.97727584222e-06
mat T_V_attgt[21,16] = -8.97727584222e-06
mat T_V_attgt[21,17] = -.0000179545516844
mat T_V_attgt[21,18] = -.0000179545516844
mat T_V_attgt[21,19] = -.0000179545516844
mat T_V_attgt[21,20] = -.0000179545516844
mat T_V_attgt[21,21] =  .0001656307392889
mat T_V_attgt[21,22] =  .0001656307392889
mat T_V_attgt[21,23] =  .0001656307392889
mat T_V_attgt[21,24] =  .0001656307392889
mat T_V_attgt[22,1] =  5.73506520052e-21
mat T_V_attgt[22,2] = -2.08499884025e-21
mat T_V_attgt[22,3] = -7.52632758327e-20
mat T_V_attgt[22,4] =  4.86437101332e-20
mat T_V_attgt[22,5] = -1.89914488113e-21
mat T_V_attgt[22,6] = -1.41237679638e-20
mat T_V_attgt[22,7] = -1.37680911156e-20
mat T_V_attgt[22,8] =  2.65412691824e-21
mat T_V_attgt[22,9] =  2.48299669187e-08
mat T_V_attgt[22,10] =  1.21804014988e-08
mat T_V_attgt[22,11] =  3.44151191188e-09
mat T_V_attgt[22,12] =  6.07029242793e-10
mat T_V_attgt[22,13] = -8.97727584222e-06
mat T_V_attgt[22,14] = -8.97727584222e-06
mat T_V_attgt[22,15] = -8.97727584222e-06
mat T_V_attgt[22,16] = -8.97727584222e-06
mat T_V_attgt[22,17] = -.0000179545516844
mat T_V_attgt[22,18] = -.0000179545516844
mat T_V_attgt[22,19] = -.0000179545516844
mat T_V_attgt[22,20] = -.0000179545516844
mat T_V_attgt[22,21] =  .0001656307392889
mat T_V_attgt[22,22] =  .0001656307392889
mat T_V_attgt[22,23] =  .0001656307392889
mat T_V_attgt[22,24] =  .0001656307392889
mat T_V_attgt[23,1] =  5.73506520052e-21
mat T_V_attgt[23,2] = -2.08499884025e-21
mat T_V_attgt[23,3] = -7.52632758327e-20
mat T_V_attgt[23,4] =  4.86437101332e-20
mat T_V_attgt[23,5] = -1.89914488113e-21
mat T_V_attgt[23,6] = -1.41237679638e-20
mat T_V_attgt[23,7] = -1.37680911156e-20
mat T_V_attgt[23,8] =  2.65412691824e-21
mat T_V_attgt[23,9] =  2.48299669187e-08
mat T_V_attgt[23,10] =  1.21804014988e-08
mat T_V_attgt[23,11] =  3.44151191189e-09
mat T_V_attgt[23,12] =  6.07029242792e-10
mat T_V_attgt[23,13] = -8.97727584222e-06
mat T_V_attgt[23,14] = -8.97727584222e-06
mat T_V_attgt[23,15] = -8.97727584222e-06
mat T_V_attgt[23,16] = -8.97727584222e-06
mat T_V_attgt[23,17] = -.0000179545516844
mat T_V_attgt[23,18] = -.0000179545516844
mat T_V_attgt[23,19] = -.0000179545516844
mat T_V_attgt[23,20] = -.0000179545516844
mat T_V_attgt[23,21] =  .0001656307392889
mat T_V_attgt[23,22] =  .0001656307392889
mat T_V_attgt[23,23] =  .0001656307392889
mat T_V_attgt[23,24] =  .0001656307392889
mat T_V_attgt[24,1] =  5.73506520052e-21
mat T_V_attgt[24,2] = -2.08499884025e-21
mat T_V_attgt[24,3] = -7.52632758327e-20
mat T_V_attgt[24,4] =  4.86437101332e-20
mat T_V_attgt[24,5] = -1.89914488113e-21
mat T_V_attgt[24,6] = -1.41237679638e-20
mat T_V_attgt[24,7] = -1.37680911156e-20
mat T_V_attgt[24,8] =  2.65412691824e-21
mat T_V_attgt[24,9] =  2.48299669187e-08
mat T_V_attgt[24,10] =  1.21804014988e-08
mat T_V_attgt[24,11] =  3.44151191189e-09
mat T_V_attgt[24,12] =  6.07029242793e-10
mat T_V_attgt[24,13] = -8.97727584222e-06
mat T_V_attgt[24,14] = -8.97727584222e-06
mat T_V_attgt[24,15] = -8.97727584222e-06
mat T_V_attgt[24,16] = -8.97727584222e-06
mat T_V_attgt[24,17] = -.0000179545516844
mat T_V_attgt[24,18] = -.0000179545516844
mat T_V_attgt[24,19] = -.0000179545516844
mat T_V_attgt[24,20] = -.0000179545516844
mat T_V_attgt[24,21] =  .0001656307392889
mat T_V_attgt[24,22] =  .0001656307392889
mat T_V_attgt[24,23] =  .0001656307392889
mat T_V_attgt[24,24] =  .0001656307392889
}
matrix C_V_attgt = e(V_attgt)
assert mreldif( C_V_attgt , T_V_attgt ) < 1E-8
_assert_streq `"`: rowfullnames C_V_attgt'"' `"g2004:t_2003_2004 g2004:t_2003_2005 g2004:t_2003_2006 g2004:t_2003_2007 g2006:t_2003_2004 g2006:t_2004_2005 g2006:t_2005_2006 g2006:t_2005_2007 g2007:t_2003_2004 g2007:t_2004_2005 g2007:t_2005_2006 g2007:t_2006_2007 wgt:w2004_2004 wgt:w2004_2005 wgt:w2004_2006 wgt:w2004_2007 wgt:w2006_2004 wgt:w2006_2005 wgt:w2006_2006 wgt:w2006_2007 wgt:w2007_2004 wgt:w2007_2005 wgt:w2007_2006 wgt:w2007_2007"'
_assert_streq `"`: colfullnames C_V_attgt'"' `"g2004:t_2003_2004 g2004:t_2003_2005 g2004:t_2003_2006 g2004:t_2003_2007 g2006:t_2003_2004 g2006:t_2004_2005 g2006:t_2005_2006 g2006:t_2005_2007 g2007:t_2003_2004 g2007:t_2004_2005 g2007:t_2005_2006 g2007:t_2006_2007 wgt:w2004_2004 wgt:w2004_2005 wgt:w2004_2006 wgt:w2004_2007 wgt:w2006_2004 wgt:w2006_2005 wgt:w2006_2006 wgt:w2006_2007 wgt:w2007_2004 wgt:w2007_2005 wgt:w2007_2006 wgt:w2007_2007"'
mat drop C_V_attgt T_V_attgt

qui {
mat T_b_attgt = J(1,24,0)
mat T_b_attgt[1,1] = -.0145296683049001
mat T_b_attgt[1,2] = -.0764218817347889
mat T_b_attgt[1,3] = -.1404483368101237
mat T_b_attgt[1,4] = -.1069038981114609
mat T_b_attgt[1,5] = -.0004721460884857
mat T_b_attgt[1,6] = -.0062025245797962
mat T_b_attgt[1,7] =  .0009605737466988
mat T_b_attgt[1,8] = -.0412938655881805
mat T_b_attgt[1,9] =  .0267277962037061
mat T_b_attgt[1,10] = -.0045765707635231
mat T_b_attgt[1,11] = -.0284474871975593
mat T_b_attgt[1,12] = -.0287813610394872
mat T_b_attgt[1,13] =  .0261780104712042
mat T_b_attgt[1,14] =  .0261780104712042
mat T_b_attgt[1,15] =  .0261780104712042
mat T_b_attgt[1,16] =  .0261780104712042
mat T_b_attgt[1,17] =  .0523560209424084
mat T_b_attgt[1,18] =  .0523560209424084
mat T_b_attgt[1,19] =  .0523560209424084
mat T_b_attgt[1,20] =  .0523560209424084
mat T_b_attgt[1,21] =  .1714659685863874
mat T_b_attgt[1,22] =  .1714659685863874
mat T_b_attgt[1,23] =  .1714659685863874
mat T_b_attgt[1,24] =  .1714659685863874
}
matrix C_b_attgt = e(b_attgt)
assert mreldif( C_b_attgt , T_b_attgt ) < 1E-8
_assert_streq `"`: rowfullnames C_b_attgt'"' `"r1"'
_assert_streq `"`: colfullnames C_b_attgt'"' `"g2004:t_2003_2004 g2004:t_2003_2005 g2004:t_2003_2006 g2004:t_2003_2007 g2006:t_2003_2004 g2006:t_2004_2005 g2006:t_2005_2006 g2006:t_2005_2007 g2007:t_2003_2004 g2007:t_2004_2005 g2007:t_2005_2006 g2007:t_2006_2007 wgt:w2004_2004 wgt:w2004_2005 wgt:w2004_2006 wgt:w2004_2007 wgt:w2006_2004 wgt:w2006_2005 wgt:w2006_2006 wgt:w2006_2007 wgt:w2007_2004 wgt:w2007_2005 wgt:w2007_2006 wgt:w2007_2007"'
mat drop C_b_attgt T_b_attgt
