<span class="stinp">. <span class="stcmt">*** Using GSEM for Individual latent</span></span>
<span class="stinp">. gsem (l1 -&gt; cq22, family(ordinal) link(probit)) <span class="stcmt">///</span>
&gt;          (l1 -&gt; cq23, family(ordinal) link(probit)) <span class="stcmt">///</span>
&gt;          (l1 -&gt; cq24, family(ordinal) link(probit)) [pw=withinwt], latent(l1 )  var(l1@1) nolog</span>

Generalized structural equation model           Number of obs     = <span class="stres">     2,334</span>

Response       : <span class="stres">cq22</span>                           Number of obs     = <span class="stres">     2,289</span>
Family         : <span class="stres">ordinal</span>
Link           : <span class="stres">probit</span>

Response       : <span class="stres">cq23</span>                           Number of obs     = <span class="stres">     2,313</span>
Family         : <span class="stres">ordinal</span>
Link           : <span class="stres">probit</span>

Response       : <span class="stres">cq24</span>                           Number of obs     = <span class="stres">     2,266</span>
Family         : <span class="stres">ordinal</span>
Link           : <span class="stres">probit</span>

Log pseudolikelihood = <span class="stres">-8429.2658</span>

<span class="stres"> </span>( 1)<span class="stres">  [/]var(l1) = 1</span>
------------------------------------------------------------------------------
             |               Robust
             |      Coef.   Std. Err.      z    P&gt;|z|     [95% Conf. Interval]
-------------+----------------------------------------------------------------
<span class="stres">cq22         </span>|
          l1 |<span class="stres">   1.979153   .5636695     3.51   0.000     .8743809    3.083925</span>
-------------+----------------------------------------------------------------
<span class="stres">cq23         </span>|
          l1 |<span class="stres">   -.670239   .0765978    -8.75   0.000    -.8203679   -.5201102</span>
-------------+----------------------------------------------------------------
<span class="stres">cq24         </span>|
          l1 |<span class="stres">   .3202531   .0440465     7.27   0.000     .2339234    .4065827</span>
-------------+----------------------------------------------------------------
<span class="stres">/cq22        </span>|
        cut1 |<span class="stres">  -2.461767   .5768123                     -3.592298   -1.331235</span>
        cut2 |<span class="stres">   -1.52759   .3662889                     -2.245504   -.8096774</span>
        cut3 |<span class="stres">  -1.516182    .363785                     -2.229187   -.8031761</span>
        cut4 |<span class="stres">   .5021426   .1176503                      .2715523     .732733</span>
-------------+----------------------------------------------------------------
<span class="stres">/cq23        </span>|
        cut1 |<span class="stres">   .1207525    .037896                      .0464778    .1950272</span>
        cut2 |<span class="stres">   1.376873   .0696638                      1.240334    1.513411</span>
        cut3 |<span class="stres">   1.395658   .0707435                      1.257004    1.534313</span>
        cut4 |<span class="stres">   2.034607   .1051009                      1.828613    2.240601</span>
-------------+----------------------------------------------------------------
<span class="stres">/cq24        </span>|
        cut1 |<span class="stres">  -1.407204   .0511851                     -1.507525   -1.306883</span>
        cut2 |<span class="stres">  -.8337615   .0385626                     -.9093428   -.7581801</span>
        cut3 |<span class="stres">  -.4561685   .0353223                      -.525399    -.386938</span>
        cut4 |<span class="stres">   .4551272    .034493                      .3875222    .5227322</span>
-------------+----------------------------------------------------------------
      var(l1)|<span class="stres">          1</span>  (constrained)
------------------------------------------------------------------------------

<span class="stinp">. predict index_latent1, latent</span>
(option <span class="stres">ebmeans</span> assumed)
(using 7 quadrature points)

<span class="stinp">. label var index_latent1 "Individual Latent index based on q22 q23 q24"</span>

<span class="stinp">. qui: {</span>
